<?xml version="1.0" encoding="UTF-8"?>
<!-- Generated by org.testng.reporters.JUnitXMLReporter -->
<testsuite ignored="0" hostname="SASTRY" failures="0" tests="6" name="Default test" time="0.254" errors="0" timestamp="2019-12-06T12:11:47 IST">
  <testcase classname="qaclickacademy.Api" name="Iautomation" time="0.061"/>
  <testcase classname="qaclickacademy.Api" name="Tautomation" time="0.0"/>
  <testcase classname="qaclickacademy.Appium" name="Fautomation" time="0.008"/>
  <testcase classname="qaclickacademy.Appium" name="Mautomation" time="0.008"/>
  <testcase classname="qaclickacademy.SeleniumTest" name="Bautomation" time="0.0"/>
  <testcase classname="qaclickacademy.SeleniumTest" name="Gautomation" time="0.0"/>
</testsuite> <!-- Default test -->
