<?xml version="1.0" encoding="UTF-8"?>
<!-- Generated by org.testng.reporters.JUnitXMLReporter -->
<testsuite ignored="0" hostname="SASTRY" failures="0" tests="6" name="Command line test" time="0.101" errors="0" timestamp="2019-12-08T10:49:22 IST">
  <testcase classname="qaclickacademy.ApiTest" name="Iautomation" time="0.01"/>
  <testcase classname="qaclickacademy.ApiTest" name="Tautomation" time="0.001"/>
  <testcase classname="qaclickacademy.AppiumTest" name="Fautomation" time="0.0"/>
  <testcase classname="qaclickacademy.AppiumTest" name="Mautomation" time="0.0"/>
  <testcase classname="qaclickacademy.SeleniumTest" name="Bautomation" time="0.0"/>
  <testcase classname="qaclickacademy.SeleniumTest" name="Gautomation" time="0.001"/>
</testsuite> <!-- Command line test -->
