<?xml version="1.0" encoding="UTF-8"?>
<!-- Generated by org.testng.reporters.JUnitXMLReporter -->
<testsuite ignored="0" hostname="SASTRY" failures="0" tests="4" name="Test" time="0.122" errors="0" timestamp="2019-12-06T13:44:11 IST">
  <testcase classname="qaclickacademy.SeleniumTest" name="Bautomation" time="0.015"/>
  <testcase classname="qaclickacademy.SeleniumTest" name="Gautomation" time="0.001"/>
  <testcase classname="qaclickacademy.ApiTest" name="Iautomation" time="0.002"/>
  <testcase classname="qaclickacademy.ApiTest" name="Tautomation" time="0.001"/>
</testsuite> <!-- Test -->
