<?xml version="1.0" encoding="UTF-8"?>
<testng-results ignored="0" total="6" passed="6" failed="0" skipped="0">
  <reporter-output>
  </reporter-output>
  <suite started-at="2019-12-08T10:49:22 IST" name="Command line suite" finished-at="2019-12-08T10:49:22 IST" duration-ms="101">
    <groups>
    </groups>
    <test started-at="2019-12-08T10:49:22 IST" name="Command line test" finished-at="2019-12-08T10:49:22 IST" duration-ms="101">
      <class name="qaclickacademy.AppiumTest">
        <test-method signature="Fautomation()[pri:0, instance:qaclickacademy.AppiumTest@4b0b0854]" started-at="2019-12-08T10:49:22 IST" name="Fautomation" finished-at="2019-12-08T10:49:22 IST" duration-ms="0" status="PASS">
          <reporter-output>
          </reporter-output>
        </test-method> <!-- Fautomation -->
        <test-method signature="Mautomation()[pri:0, instance:qaclickacademy.AppiumTest@4b0b0854]" started-at="2019-12-08T10:49:22 IST" name="Mautomation" finished-at="2019-12-08T10:49:22 IST" duration-ms="0" status="PASS">
          <reporter-output>
          </reporter-output>
        </test-method> <!-- Mautomation -->
      </class> <!-- qaclickacademy.AppiumTest -->
      <class name="qaclickacademy.ApiTest">
        <test-method signature="Iautomation()[pri:0, instance:qaclickacademy.ApiTest@e056f20]" started-at="2019-12-08T10:49:22 IST" name="Iautomation" finished-at="2019-12-08T10:49:22 IST" duration-ms="10" status="PASS">
          <reporter-output>
          </reporter-output>
        </test-method> <!-- Iautomation -->
        <test-method signature="Tautomation()[pri:0, instance:qaclickacademy.ApiTest@e056f20]" started-at="2019-12-08T10:49:22 IST" name="Tautomation" finished-at="2019-12-08T10:49:22 IST" duration-ms="1" status="PASS">
          <reporter-output>
          </reporter-output>
        </test-method> <!-- Tautomation -->
      </class> <!-- qaclickacademy.ApiTest -->
      <class name="qaclickacademy.SeleniumTest">
        <test-method signature="Bautomation()[pri:0, instance:qaclickacademy.SeleniumTest@19bb07ed]" started-at="2019-12-08T10:49:22 IST" name="Bautomation" finished-at="2019-12-08T10:49:22 IST" duration-ms="0" status="PASS">
          <reporter-output>
          </reporter-output>
        </test-method> <!-- Bautomation -->
        <test-method signature="Gautomation()[pri:0, instance:qaclickacademy.SeleniumTest@19bb07ed]" started-at="2019-12-08T10:49:22 IST" name="Gautomation" finished-at="2019-12-08T10:49:22 IST" duration-ms="1" status="PASS">
          <reporter-output>
          </reporter-output>
        </test-method> <!-- Gautomation -->
      </class> <!-- qaclickacademy.SeleniumTest -->
    </test> <!-- Command line test -->
  </suite> <!-- Command line suite -->
</testng-results>
