<?xml version="1.0" encoding="UTF-8" ?>
<testsuite tests="6" failures="0" name="TestSuite" time="0.021" errors="0" skipped="0">
  <properties>
[...]
</properties>
  <testcase classname="qaclickacademy.ApiTest" name="Iautomation" time="0.015"/>
  <testcase classname="qaclickacademy.ApiTest" name="Tautomation" time="0.002"/>
  <testcase classname="qaclickacademy.AppiumTest" name="Fautomation" time="0.001"/>
  <testcase classname="qaclickacademy.AppiumTest" name="Mautomation" time="0.001"/>
  <testcase classname="qaclickacademy.SeleniumTest" name="Bautomation" time="0.001"/>
  <testcase classname="qaclickacademy.SeleniumTest" name="Gautomation" time="0.001"/>
</testsuite>