<?xml version="1.0" encoding="UTF-8"?>
<testng-results ignored="0" total="6" passed="6" failed="0" skipped="0">
  <reporter-output>
  </reporter-output>
  <suite started-at="2019-12-06T12:11:47 IST" name="Default suite" finished-at="2019-12-06T12:11:47 IST" duration-ms="254">
    <groups>
    </groups>
    <test started-at="2019-12-06T12:11:47 IST" name="Default test" finished-at="2019-12-06T12:11:47 IST" duration-ms="254">
      <class name="qaclickacademy.Api">
        <test-method signature="Iautomation()[pri:0, instance:qaclickacademy.Api@7995092a]" started-at="2019-12-06T12:11:47 IST" name="Iautomation" finished-at="2019-12-06T12:11:47 IST" duration-ms="61" status="PASS">
          <reporter-output>
          </reporter-output>
        </test-method> <!-- Iautomation -->
        <test-method signature="Tautomation()[pri:0, instance:qaclickacademy.Api@7995092a]" started-at="2019-12-06T12:11:47 IST" name="Tautomation" finished-at="2019-12-06T12:11:47 IST" duration-ms="0" status="PASS">
          <reporter-output>
          </reporter-output>
        </test-method> <!-- Tautomation -->
      </class> <!-- qaclickacademy.Api -->
      <class name="qaclickacademy.Appium">
        <test-method signature="Fautomation()[pri:0, instance:qaclickacademy.Appium@7fc2413d]" started-at="2019-12-06T12:11:47 IST" name="Fautomation" finished-at="2019-12-06T12:11:47 IST" duration-ms="8" status="PASS">
          <reporter-output>
          </reporter-output>
        </test-method> <!-- Fautomation -->
        <test-method signature="Mautomation()[pri:0, instance:qaclickacademy.Appium@7fc2413d]" started-at="2019-12-06T12:11:47 IST" name="Mautomation" finished-at="2019-12-06T12:11:47 IST" duration-ms="8" status="PASS">
          <reporter-output>
          </reporter-output>
        </test-method> <!-- Mautomation -->
      </class> <!-- qaclickacademy.Appium -->
      <class name="qaclickacademy.SeleniumTest">
        <test-method signature="Bautomation()[pri:0, instance:qaclickacademy.SeleniumTest@f8c1ddd]" started-at="2019-12-06T12:11:47 IST" name="Bautomation" finished-at="2019-12-06T12:11:47 IST" duration-ms="0" status="PASS">
          <reporter-output>
          </reporter-output>
        </test-method> <!-- Bautomation -->
        <test-method signature="Gautomation()[pri:0, instance:qaclickacademy.SeleniumTest@f8c1ddd]" started-at="2019-12-06T12:11:47 IST" name="Gautomation" finished-at="2019-12-06T12:11:47 IST" duration-ms="0" status="PASS">
          <reporter-output>
          </reporter-output>
        </test-method> <!-- Gautomation -->
      </class> <!-- qaclickacademy.SeleniumTest -->
    </test> <!-- Default test -->
  </suite> <!-- Default suite -->
</testng-results>
